TN:
SF:libs/banish.js
FN:4,(anonymous_0)
FN:17,(anonymous_1)
FNF:2
FNH:2
FNDA:2,(anonymous_0)
FNDA:4,(anonymous_1)
DA:1,1
DA:2,1
DA:4,1
DA:5,2
DA:6,2
DA:7,2
DA:8,2
DA:9,2
DA:11,2
DA:12,2
DA:13,2
DA:15,2
DA:17,4
DA:18,2
DA:19,2
DA:20,2
DA:21,6
DA:22,6
DA:24,6
DA:25,4
DA:26,4
DA:28,6
DA:29,0
DA:30,0
DA:31,0
DA:33,0
DA:37,2
DA:38,6
DA:39,0
DA:41,6
DA:42,6
DA:43,2
DA:44,2
DA:45,2
DA:49,2
DA:50,2
DA:51,2
DA:53,0
DA:54,0
LF:39
LH:32
BRDA:8,0,0,2
BRDA:8,0,1,0
BRDA:11,1,0,2
BRDA:11,1,1,0
BRDA:12,2,0,2
BRDA:12,2,1,0
BRDA:24,3,0,4
BRDA:24,3,1,2
BRDA:24,4,0,6
BRDA:24,4,1,6
BRDA:28,5,0,0
BRDA:28,5,1,6
BRDA:28,6,0,6
BRDA:28,6,1,0
BRDA:30,7,0,0
BRDA:30,7,1,0
BRDA:38,8,0,0
BRDA:38,8,1,6
BRDA:42,9,0,2
BRDA:42,9,1,4
BRDA:44,10,0,2
BRDA:44,10,1,0
BRF:22
BRH:13
end_of_record
TN:
SF:libs/chief.js
FN:9,isChanceLegal
FN:35,doChance
FNF:2
FNH:1
FNDA:0,isChanceLegal
FNDA:12,doChance
DA:1,1
DA:2,1
DA:3,1
DA:4,1
DA:5,1
DA:6,1
DA:10,0
DA:11,0
DA:12,0
DA:13,0
DA:14,0
DA:15,0
DA:18,0
DA:19,0
DA:20,0
DA:21,0
DA:23,0
DA:24,0
DA:25,0
DA:27,0
DA:28,0
DA:29,0
DA:31,0
DA:33,1
DA:36,12
DA:37,12
DA:39,12
DA:40,12
DA:41,0
DA:42,0
DA:44,12
DA:45,12
DA:47,1
DA:48,1
DA:49,1
DA:50,1
DA:51,0
DA:52,0
DA:53,0
DA:55,1
DA:56,1
DA:57,1
DA:58,0
DA:60,1
DA:62,1
DA:64,1
DA:65,1
DA:66,4
DA:67,4
DA:68,4
DA:69,4
DA:71,1
DA:73,1
DA:74,1
DA:75,1
DA:76,1
DA:77,1
DA:79,1
DA:80,1
DA:81,0
DA:82,0
DA:83,0
DA:84,0
DA:85,0
DA:86,0
DA:87,0
DA:90,1
DA:92,1
DA:94,1
DA:95,1
DA:96,1
DA:97,0
DA:99,1
DA:101,1
DA:102,1
DA:104,1
DA:105,1
DA:106,1
DA:107,4
DA:108,4
DA:109,2
DA:110,2
DA:111,1
DA:113,2
DA:114,2
DA:115,2
DA:116,2
DA:117,2
DA:118,2
DA:120,0
DA:125,0
DA:127,1
DA:129,1
DA:130,1
DA:131,4
DA:132,4
DA:133,4
DA:134,2
DA:136,4
DA:137,4
DA:138,4
DA:139,4
DA:141,1
DA:143,1
DA:144,1
DA:146,1
DA:147,1
DA:148,1
DA:149,1
DA:150,0
DA:152,1
DA:153,1
DA:154,1
DA:155,1
DA:156,1
DA:158,1
DA:159,1
DA:160,1
DA:162,1
DA:163,1
DA:164,0
DA:165,0
DA:166,0
DA:168,1
DA:170,1
DA:172,1
DA:173,1
DA:174,1
DA:176,1
DA:177,1
DA:179,1
DA:180,1
DA:181,1
DA:182,1
DA:183,1
DA:184,0
DA:186,1
DA:187,1
DA:188,1
DA:189,0
DA:190,0
DA:192,1
DA:195,0
DA:196,0
DA:197,0
DA:198,0
DA:199,0
DA:200,0
DA:201,0
DA:202,0
DA:203,0
DA:205,0
DA:206,0
DA:208,0
DA:210,0
DA:212,12
DA:213,12
DA:214,12
DA:215,12
DA:217,1
LF:160
LH:107
BRDA:11,0,0,0
BRDA:11,0,1,0
BRDA:11,1,0,0
BRDA:11,1,1,0
BRDA:13,2,0,0
BRDA:13,2,1,0
BRDA:13,3,0,0
BRDA:13,3,1,0
BRDA:19,4,0,0
BRDA:19,4,1,0
BRDA:19,5,0,0
BRDA:19,5,1,0
BRDA:23,6,0,0
BRDA:23,6,1,0
BRDA:27,7,0,0
BRDA:27,7,1,0
BRDA:40,8,0,0
BRDA:40,8,1,12
BRDA:40,9,0,12
BRDA:40,9,1,12
BRDA:40,9,2,12
BRDA:45,10,0,0
BRDA:45,10,1,1
BRDA:45,10,2,1
BRDA:45,10,3,1
BRDA:45,10,4,1
BRDA:45,10,5,1
BRDA:45,10,6,1
BRDA:45,10,7,1
BRDA:45,10,8,1
BRDA:45,10,9,1
BRDA:45,10,10,1
BRDA:45,10,11,1
BRDA:45,10,12,1
BRDA:45,10,13,1
BRDA:45,10,14,0
BRDA:45,10,15,0
BRDA:45,10,16,0
BRDA:50,11,0,1
BRDA:50,11,1,0
BRDA:50,11,2,0
BRDA:57,12,0,0
BRDA:57,12,1,1
BRDA:57,13,0,1
BRDA:57,13,1,0
BRDA:80,14,0,0
BRDA:80,14,1,1
BRDA:82,15,0,0
BRDA:82,15,1,0
BRDA:96,16,0,0
BRDA:96,16,1,1
BRDA:104,17,0,1
BRDA:104,17,1,0
BRDA:108,18,0,2
BRDA:108,18,1,2
BRDA:110,19,0,1
BRDA:110,19,1,1
BRDA:115,20,0,2
BRDA:115,20,1,0
BRDA:133,21,0,2
BRDA:133,21,1,2
BRDA:139,22,0,0
BRDA:139,22,1,4
BRDA:149,23,0,0
BRDA:149,23,1,1
BRDA:153,24,0,0
BRDA:153,24,1,1
BRDA:163,25,0,0
BRDA:163,25,1,1
BRDA:163,26,0,1
BRDA:163,26,1,0
BRDA:163,26,2,0
BRDA:183,27,0,0
BRDA:183,27,1,1
BRDA:187,28,0,0
BRDA:187,28,1,1
BRDA:188,29,0,0
BRDA:188,29,1,1
BRDA:188,30,0,1
BRDA:188,30,1,0
BRDA:199,31,0,0
BRDA:199,31,1,0
BRDA:199,32,0,0
BRDA:199,32,1,0
BRDA:202,33,0,0
BRDA:202,33,1,0
BRDA:202,34,0,0
BRDA:202,34,1,0
BRF:88
BRH:39
end_of_record
TN:
SF:libs/children.js
FN:5,(anonymous_0)
FN:16,(anonymous_1)
FN:93,countChildrenOfParentUnderAge
FNF:3
FNH:2
FNDA:3,(anonymous_0)
FNDA:6,(anonymous_1)
FNDA:0,countChildrenOfParentUnderAge
DA:1,4
DA:2,4
DA:3,4
DA:5,4
DA:6,3
DA:7,3
DA:8,3
DA:9,3
DA:10,3
DA:11,3
DA:12,3
DA:13,3
DA:14,3
DA:15,3
DA:16,3
DA:17,6
DA:18,1
DA:19,1
DA:21,5
DA:23,3
DA:24,9
DA:25,0
DA:26,0
DA:28,9
DA:29,9
DA:30,1
DA:32,8
DA:33,2
DA:35,0
DA:37,0
DA:38,0
DA:39,0
DA:42,0
DA:45,8
DA:49,8
DA:50,2
DA:51,2
DA:52,6
DA:53,0
DA:54,0
DA:55,6
DA:56,1
DA:57,1
DA:58,5
DA:59,2
DA:60,2
DA:62,8
DA:63,8
DA:64,0
DA:66,8
DA:67,0
DA:69,8
DA:72,8
DA:73,8
DA:74,8
DA:75,8
DA:76,0
DA:78,8
DA:79,4
DA:81,8
DA:82,0
DA:84,8
DA:85,8
DA:88,3
DA:89,3
DA:90,3
DA:94,0
DA:95,0
DA:96,0
DA:97,0
DA:98,0
DA:99,0
DA:103,0
DA:105,4
LF:74
LH:54
BRDA:5,0,0,2
BRDA:5,1,0,3
BRDA:17,2,0,1
BRDA:17,2,1,5
BRDA:18,3,0,0
BRDA:18,3,1,1
BRDA:24,4,0,0
BRDA:24,4,1,9
BRDA:29,5,0,1
BRDA:29,5,1,8
BRDA:29,6,0,9
BRDA:29,6,1,3
BRDA:29,7,0,3
BRDA:29,7,1,1
BRDA:32,8,0,2
BRDA:32,8,1,6
BRDA:33,9,0,2
BRDA:33,9,1,0
BRDA:35,10,0,0
BRDA:35,10,1,0
BRDA:35,11,0,0
BRDA:35,11,1,0
BRDA:37,12,0,0
BRDA:37,12,1,0
BRDA:38,13,0,0
BRDA:38,13,1,0
BRDA:45,14,0,0
BRDA:45,14,1,8
BRDA:49,15,0,2
BRDA:49,15,1,6
BRDA:49,16,0,8
BRDA:49,16,1,2
BRDA:52,17,0,0
BRDA:52,17,1,6
BRDA:52,18,0,6
BRDA:52,18,1,6
BRDA:52,18,2,0
BRDA:55,19,0,1
BRDA:55,19,1,5
BRDA:55,20,0,6
BRDA:55,20,1,6
BRDA:55,20,2,2
BRDA:58,21,0,2
BRDA:58,21,1,3
BRDA:58,22,0,5
BRDA:58,22,1,4
BRDA:63,23,0,0
BRDA:63,23,1,8
BRDA:66,24,0,0
BRDA:66,24,1,8
BRDA:75,25,0,0
BRDA:75,25,1,8
BRDA:78,26,0,4
BRDA:78,26,1,4
BRDA:81,27,0,0
BRDA:81,27,1,8
BRDA:97,28,0,0
BRDA:97,28,1,0
BRDA:97,29,0,0
BRDA:97,29,1,0
BRDA:98,30,0,0
BRDA:98,30,1,0
BRF:62
BRH:38
end_of_record
TN:
SF:libs/dice.js
FN:1,roll
FN:14,randomMemberName
FNF:2
FNH:2
FNDA:146,roll
FNDA:3,randomMemberName
DA:2,146
DA:3,0
DA:5,146
DA:6,146
DA:7,186
DA:8,186
DA:10,146
DA:12,13
DA:15,3
DA:16,3
DA:17,3
DA:19,13
LF:12
LH:11
BRDA:2,0,0,0
BRDA:2,0,1,146
BRF:2
BRH:1
end_of_record
TN:
SF:libs/endgame.js
FN:12,scoreTribe
FN:35,endGame
FN:84,scoreMessage
FN:92,scoreChildrenMessage
FN:130,countDeadAdults
FN:151,setReminder
FN:189,playReminder
FN:194,dumpHistory
FN:199,(anonymous_8)
FN:206,(anonymous_9)
FN:214,(anonymous_10)
FN:239,myFunc
FNF:12
FNH:4
FNDA:1,scoreTribe
FNDA:1,endGame
FNDA:0,scoreMessage
FNDA:4,scoreChildrenMessage
FNDA:3,countDeadAdults
FNDA:0,setReminder
FNDA:0,playReminder
FNDA:0,dumpHistory
FNDA:0,(anonymous_8)
FNDA:0,(anonymous_9)
FNDA:0,(anonymous_10)
FNDA:0,myFunc
DA:1,4
DA:2,4
DA:3,4
DA:4,4
DA:7,4
DA:11,4
DA:13,1
DA:14,1
DA:15,1
DA:16,1
DA:17,1
DA:18,1
DA:20,1
DA:21,1
DA:22,1
DA:23,1
DA:24,1
DA:25,0
DA:26,0
DA:28,0
DA:30,1
DA:31,1
DA:34,4
DA:36,1
DA:37,1
DA:38,1
DA:39,1
DA:40,1
DA:41,1
DA:42,1
DA:44,1
DA:45,1
DA:46,1
DA:47,1
DA:48,1
DA:49,1
DA:50,16
DA:51,16
DA:52,16
DA:53,13
DA:54,13
DA:55,13
DA:56,12
DA:57,12
DA:59,1
DA:60,1
DA:63,16
DA:64,15
DA:65,15
DA:69,1
DA:70,1
DA:71,1
DA:72,1
DA:73,1
DA:74,1
DA:75,1
DA:76,1
DA:77,1
DA:78,1
DA:80,1
DA:83,4
DA:85,0
DA:86,0
DA:88,0
DA:91,4
DA:93,4
DA:94,4
DA:95,4
DA:96,37
DA:97,37
DA:98,28
DA:100,9
DA:102,37
DA:103,30
DA:105,7
DA:108,4
DA:109,0
DA:111,4
DA:113,4
DA:114,16
DA:115,16
DA:116,15
DA:117,7
DA:118,8
DA:119,8
DA:122,1
DA:123,1
DA:126,4
DA:129,4
DA:131,3
DA:132,3
DA:133,3
DA:134,8
DA:135,8
DA:136,4
DA:137,4
DA:140,0
DA:143,3
DA:153,0
DA:154,0
DA:155,0
DA:157,0
DA:158,0
DA:159,0
DA:161,0
DA:163,0
DA:164,0
DA:166,0
DA:169,0
DA:171,0
DA:172,0
DA:173,0
DA:175,0
DA:176,0
DA:177,0
DA:179,0
DA:180,0
DA:181,0
DA:182,0
DA:185,0
DA:186,0
DA:190,0
DA:191,0
DA:199,4
DA:206,4
DA:214,4
DA:215,0
DA:216,0
DA:217,0
DA:220,0
DA:221,0
DA:222,0
DA:224,0
DA:225,0
DA:226,0
DA:232,0
DA:233,0
DA:234,0
DA:235,0
DA:237,0
DA:241,0
DA:242,0
DA:243,0
DA:245,0
LF:144
LH:93
BRDA:17,0,0,1
BRDA:17,0,1,0
BRDA:23,1,0,1
BRDA:23,1,1,0
BRDA:25,2,0,0
BRDA:25,2,1,0
BRDA:41,3,0,1
BRDA:41,3,1,0
BRDA:45,4,0,1
BRDA:45,4,1,0
BRDA:52,5,0,13
BRDA:52,5,1,3
BRDA:55,6,0,12
BRDA:55,6,1,1
BRDA:63,7,0,15
BRDA:63,7,1,1
BRDA:97,8,0,28
BRDA:97,8,1,9
BRDA:102,9,0,30
BRDA:102,9,1,7
BRDA:108,10,0,0
BRDA:108,10,1,4
BRDA:115,11,0,15
BRDA:115,11,1,1
BRDA:116,12,0,7
BRDA:116,12,1,8
BRDA:118,13,0,8
BRDA:118,13,1,0
BRDA:135,14,0,4
BRDA:135,14,1,4
BRDA:137,15,0,4
BRDA:137,15,1,0
BRDA:153,16,0,0
BRDA:153,16,1,0
BRDA:157,17,0,0
BRDA:157,17,1,0
BRDA:157,18,0,0
BRDA:157,18,1,0
BRDA:163,19,0,0
BRDA:163,19,1,0
BRDA:171,20,0,0
BRDA:171,20,1,0
BRDA:180,21,0,0
BRDA:180,21,1,0
BRDA:215,22,0,0
BRDA:215,22,1,0
BRDA:215,23,0,0
BRDA:215,23,1,0
BRDA:216,24,0,0
BRDA:216,24,1,0
BRDA:221,25,0,0
BRDA:221,25,1,0
BRDA:241,26,0,0
BRDA:241,26,1,0
BRDA:242,27,0,0
BRDA:242,27,1,0
BRF:56
BRH:23
end_of_record
TN:
SF:libs/feed.js
FN:9,feed
FN:91,checkFood
FN:140,consumeFoodChildren
FN:258,consumeFood
FN:274,consumeFoodPlayers
FNF:5
FNH:1
FNDA:8,feed
FNDA:0,checkFood
FNDA:0,consumeFoodChildren
FNDA:0,consumeFood
FNDA:0,consumeFoodPlayers
DA:1,3
DA:2,3
DA:3,3
DA:4,3
DA:5,3
DA:6,3
DA:10,8
DA:11,8
DA:12,8
DA:13,8
DA:14,8
DA:15,21
DA:16,21
DA:17,21
DA:18,5
DA:19,4
DA:20,4
DA:21,12
DA:22,12
DA:23,11
DA:24,11
DA:27,4
DA:30,1
DA:31,1
DA:32,1
DA:33,3
DA:34,3
DA:35,2
DA:36,2
DA:40,1
DA:42,0
DA:43,0
DA:44,0
DA:46,16
DA:47,16
DA:48,6
DA:49,6
DA:51,10
DA:52,1
DA:54,10
DA:55,0
DA:56,0
DA:58,10
DA:60,10
DA:61,9
DA:62,9
DA:63,9
DA:65,0
DA:66,0
DA:67,0
DA:68,0
DA:70,9
DA:71,9
DA:72,9
DA:73,0
DA:75,9
DA:77,1
DA:78,1
DA:81,8
DA:82,3
DA:84,8
DA:85,8
DA:86,8
DA:88,3
DA:92,0
DA:93,0
DA:94,0
DA:95,0
DA:96,0
DA:97,0
DA:98,0
DA:99,0
DA:100,0
DA:101,0
DA:102,0
DA:103,0
DA:104,0
DA:105,0
DA:107,0
DA:108,0
DA:109,0
DA:110,0
DA:112,0
DA:115,0
DA:116,0
DA:117,0
DA:118,0
DA:120,0
DA:121,0
DA:123,0
DA:126,0
DA:127,0
DA:128,0
DA:129,0
DA:130,0
DA:131,0
DA:132,0
DA:134,0
DA:136,0
DA:138,3
DA:141,0
DA:142,0
DA:143,0
DA:144,0
DA:146,0
DA:147,0
DA:148,0
DA:149,0
DA:150,0
DA:151,0
DA:153,0
DA:154,0
DA:155,0
DA:156,0
DA:157,0
DA:158,0
DA:159,0
DA:160,0
DA:161,0
DA:163,0
DA:164,0
DA:166,0
DA:167,0
DA:168,0
DA:169,0
DA:170,0
DA:171,0
DA:172,0
DA:173,0
DA:174,0
DA:175,0
DA:177,0
DA:180,0
DA:181,0
DA:182,0
DA:183,0
DA:185,0
DA:186,0
DA:187,0
DA:188,0
DA:189,0
DA:190,0
DA:191,0
DA:195,0
DA:196,0
DA:198,0
DA:199,0
DA:202,0
DA:203,0
DA:204,0
DA:206,0
DA:207,0
DA:210,0
DA:213,0
DA:214,0
DA:215,0
DA:216,0
DA:217,0
DA:221,0
DA:222,0
DA:223,0
DA:225,0
DA:226,0
DA:227,0
DA:228,0
DA:229,0
DA:230,0
DA:231,0
DA:235,0
DA:236,0
DA:237,0
DA:238,0
DA:239,0
DA:245,0
DA:246,0
DA:247,0
DA:248,0
DA:249,0
DA:251,0
DA:252,0
DA:254,0
DA:256,3
DA:259,0
DA:260,0
DA:261,0
DA:263,0
DA:264,0
DA:266,0
DA:268,0
DA:270,0
DA:272,3
DA:275,0
DA:276,0
DA:277,0
DA:278,0
DA:279,0
DA:280,0
DA:281,0
DA:282,0
DA:283,0
DA:284,0
DA:286,0
DA:287,0
DA:288,0
DA:289,0
DA:290,0
DA:291,0
DA:294,0
DA:296,0
DA:297,0
DA:298,0
DA:299,0
DA:300,0
DA:302,0
DA:303,0
DA:304,0
DA:305,0
DA:306,0
DA:307,0
DA:308,0
DA:309,0
DA:313,0
DA:315,0
DA:316,0
DA:317,0
DA:318,0
DA:319,0
DA:321,0
DA:322,0
DA:324,0
DA:326,3
LF:231
LH:58
BRDA:17,0,0,5
BRDA:17,0,1,16
BRDA:18,1,0,4
BRDA:18,1,1,1
BRDA:22,2,0,11
BRDA:22,2,1,1
BRDA:22,3,0,12
BRDA:22,3,1,1
BRDA:22,4,0,12
BRDA:22,4,1,3
BRDA:31,5,0,1
BRDA:31,5,1,0
BRDA:31,6,0,1
BRDA:31,6,1,1
BRDA:31,6,2,1
BRDA:34,7,0,2
BRDA:34,7,1,1
BRDA:35,8,0,2
BRDA:35,8,1,0
BRDA:35,9,0,2
BRDA:35,9,1,0
BRDA:35,10,0,2
BRDA:35,10,1,0
BRDA:47,11,0,6
BRDA:47,11,1,10
BRDA:48,12,0,1
BRDA:48,12,1,5
BRDA:51,13,0,1
BRDA:51,13,1,9
BRDA:52,14,0,0
BRDA:52,14,1,1
BRDA:54,15,0,0
BRDA:54,15,1,10
BRDA:54,16,0,10
BRDA:54,16,1,0
BRDA:55,17,0,0
BRDA:55,17,1,0
BRDA:58,18,0,1
BRDA:58,18,1,9
BRDA:60,19,0,9
BRDA:60,19,1,1
BRDA:61,20,0,9
BRDA:61,20,1,0
BRDA:72,21,0,0
BRDA:72,21,1,9
BRDA:81,22,0,3
BRDA:81,22,1,5
BRDA:103,23,0,0
BRDA:103,23,1,0
BRDA:103,24,0,0
BRDA:103,24,1,0
BRDA:107,25,0,0
BRDA:107,25,1,0
BRDA:109,26,0,0
BRDA:109,26,1,0
BRDA:117,27,0,0
BRDA:117,27,1,0
BRDA:117,28,0,0
BRDA:117,28,1,0
BRDA:120,29,0,0
BRDA:120,29,1,0
BRDA:130,30,0,0
BRDA:130,30,1,0
BRDA:130,31,0,0
BRDA:130,31,1,0
BRDA:130,31,2,0
BRDA:130,31,3,0
BRDA:150,32,0,0
BRDA:150,32,1,0
BRDA:155,33,0,0
BRDA:155,33,1,0
BRDA:157,34,0,0
BRDA:157,34,1,0
BRDA:160,35,0,0
BRDA:160,35,1,0
BRDA:160,36,0,0
BRDA:160,36,1,0
BRDA:166,37,0,0
BRDA:166,37,1,0
BRDA:170,38,0,0
BRDA:170,38,1,0
BRDA:180,39,0,0
BRDA:180,39,1,0
BRDA:182,40,0,0
BRDA:182,40,1,0
BRDA:185,41,0,0
BRDA:185,41,1,0
BRDA:195,42,0,0
BRDA:195,42,1,0
BRDA:196,43,0,0
BRDA:196,43,1,0
BRDA:196,44,0,0
BRDA:196,44,1,0
BRDA:196,44,2,0
BRDA:202,45,0,0
BRDA:202,45,1,0
BRDA:202,46,0,0
BRDA:202,46,1,0
BRDA:202,46,2,0
BRDA:203,47,0,0
BRDA:203,47,1,0
BRDA:206,48,0,0
BRDA:206,48,1,0
BRDA:210,49,0,0
BRDA:210,49,1,0
BRDA:210,50,0,0
BRDA:210,50,1,0
BRDA:210,50,2,0
BRDA:210,50,3,0
BRDA:216,51,0,0
BRDA:216,51,1,0
BRDA:216,52,0,0
BRDA:216,52,1,0
BRDA:221,53,0,0
BRDA:221,53,1,0
BRDA:221,54,0,0
BRDA:221,54,1,0
BRDA:227,55,0,0
BRDA:227,55,1,0
BRDA:227,56,0,0
BRDA:227,56,1,0
BRDA:229,57,0,0
BRDA:229,57,1,0
BRDA:237,58,0,0
BRDA:237,58,1,0
BRDA:237,59,0,0
BRDA:237,59,1,0
BRDA:251,60,0,0
BRDA:251,60,1,0
BRDA:259,61,0,0
BRDA:259,61,1,0
BRDA:284,62,0,0
BRDA:284,62,1,0
BRDA:288,63,0,0
BRDA:288,63,1,0
BRDA:294,64,0,0
BRDA:294,64,1,0
BRDA:294,65,0,0
BRDA:294,65,1,0
BRDA:300,66,0,0
BRDA:300,66,1,0
BRDA:304,67,0,0
BRDA:304,67,1,0
BRDA:321,68,0,0
BRDA:321,68,1,0
BRF:145
BRH:36
end_of_record
TN:
SF:libs/gather.js
FN:8,(anonymous_0)
FNF:1
FNH:1
FNDA:9,(anonymous_0)
DA:1,1
DA:2,1
DA:3,1
DA:8,1
DA:9,9
DA:10,9
DA:11,9
DA:12,9
DA:13,1
DA:14,1
DA:16,9
DA:17,1
DA:18,1
DA:20,9
DA:21,4
DA:22,4
DA:23,1
DA:24,1
DA:26,4
DA:27,1
DA:28,1
DA:30,4
DA:31,1
DA:34,8
DA:35,0
DA:36,0
DA:37,0
DA:38,0
DA:39,0
DA:40,0
DA:43,8
DA:44,8
DA:45,8
DA:46,8
DA:47,8
DA:48,8
DA:49,8
DA:50,21
DA:51,3
DA:52,3
DA:53,3
DA:54,3
DA:55,18
DA:56,5
DA:57,5
DA:58,5
DA:59,5
DA:61,13
DA:62,13
DA:63,13
DA:66,8
DA:67,8
DA:68,8
DA:69,8
DA:70,8
DA:71,1
DA:72,1
DA:73,1
DA:74,1
DA:75,1
DA:76,11
DA:77,0
DA:78,0
DA:79,0
DA:80,0
DA:81,11
DA:82,1
DA:83,1
DA:84,1
DA:85,1
DA:87,10
DA:88,10
DA:89,10
DA:92,1
DA:93,1
DA:94,1
DA:96,1
DA:97,0
DA:98,0
DA:101,8
DA:102,8
DA:103,8
DA:104,8
LF:83
LH:71
BRDA:12,0,0,1
BRDA:12,0,1,8
BRDA:16,1,0,1
BRDA:16,1,1,8
BRDA:20,2,0,4
BRDA:20,2,1,5
BRDA:22,3,0,1
BRDA:22,3,1,3
BRDA:26,4,0,1
BRDA:26,4,1,3
BRDA:30,5,0,1
BRDA:30,5,1,3
BRDA:34,6,0,0
BRDA:34,6,1,8
BRDA:35,7,0,0
BRDA:35,7,1,0
BRDA:38,8,0,0
BRDA:38,8,1,0
BRDA:50,9,0,3
BRDA:50,9,1,18
BRDA:55,10,0,5
BRDA:55,10,1,13
BRDA:70,11,0,1
BRDA:70,11,1,7
BRDA:76,12,0,0
BRDA:76,12,1,11
BRDA:81,13,0,1
BRDA:81,13,1,10
BRDA:96,14,0,0
BRDA:96,14,1,1
BRF:30
BRH:23
end_of_record
TN:
SF:libs/guardCode.js
FN:5,(anonymous_0)
FN:33,findLeastGuarded
FN:53,(anonymous_2)
FN:71,(anonymous_3)
FN:86,(anonymous_4)
FN:96,(anonymous_5)
FN:134,asJson
FN:135,(anonymous_7)
FNF:8
FNH:6
FNDA:19,(anonymous_0)
FNDA:4,findLeastGuarded
FNDA:5,(anonymous_2)
FNDA:5,(anonymous_3)
FNDA:2,(anonymous_4)
FNDA:3,(anonymous_5)
FNDA:0,asJson
FNDA:0,(anonymous_7)
DA:1,8
DA:2,8
DA:3,8
DA:5,8
DA:6,19
DA:7,19
DA:8,19
DA:9,19
DA:10,19
DA:11,54
DA:12,54
DA:13,12
DA:14,12
DA:15,12
DA:16,12
DA:20,19
DA:21,54
DA:22,54
DA:23,5
DA:24,5
DA:25,5
DA:30,19
DA:35,4
DA:36,4
DA:37,4
DA:38,0
DA:39,0
DA:41,4
DA:42,11
DA:43,11
DA:45,0
DA:47,11
DA:48,2
DA:50,9
DA:51,9
DA:53,5
DA:54,4
DA:55,0
DA:56,0
DA:58,4
DA:59,4
DA:60,9
DA:61,7
DA:64,2
DA:67,4
DA:68,3
DA:71,5
DA:72,1
DA:73,1
DA:74,1
DA:75,1
DA:76,1
DA:77,0
DA:79,1
DA:80,1
DA:82,4
DA:84,8
DA:86,8
DA:87,2
DA:88,10
DA:89,10
DA:90,0
DA:91,0
DA:96,8
DA:97,3
DA:98,3
DA:99,3
DA:100,3
DA:102,0
DA:105,3
DA:107,3
DA:108,3
DA:109,0
DA:111,3
DA:112,3
DA:113,3
DA:114,3
DA:115,0
DA:116,0
DA:118,3
DA:119,3
DA:120,2
DA:121,2
DA:123,2
DA:124,1
DA:125,1
DA:127,1
DA:130,2
DA:131,2
DA:132,2
DA:135,0
DA:137,0
DA:138,0
DA:139,0
DA:142,0
LF:95
LH:78
BRDA:12,0,0,12
BRDA:12,0,1,42
BRDA:12,1,0,54
BRDA:12,1,1,22
BRDA:22,2,0,5
BRDA:22,2,1,49
BRDA:22,3,0,54
BRDA:22,3,1,8
BRDA:37,4,0,0
BRDA:37,4,1,4
BRDA:43,5,0,0
BRDA:43,5,1,11
BRDA:47,6,0,2
BRDA:47,6,1,9
BRDA:54,7,0,0
BRDA:54,7,1,4
BRDA:60,8,0,7
BRDA:60,8,1,2
BRDA:67,9,0,3
BRDA:67,9,1,1
BRDA:75,10,0,1
BRDA:75,10,1,0
BRDA:89,11,0,0
BRDA:89,11,1,10
BRDA:89,12,0,10
BRDA:89,12,1,2
BRDA:99,13,0,3
BRDA:99,13,1,0
BRDA:100,14,0,0
BRDA:100,14,1,3
BRDA:100,15,0,3
BRDA:100,15,1,3
BRDA:108,16,0,0
BRDA:108,16,1,3
BRDA:114,17,0,0
BRDA:114,17,1,3
BRDA:123,18,0,1
BRDA:123,18,1,1
BRDA:137,19,0,0
BRDA:137,19,1,0
BRF:40
BRH:29
end_of_record
TN:
SF:libs/hunt.js
FN:13,(anonymous_0)
FN:93,(anonymous_1)
FN:103,getScoutMessage
FN:137,scoutNerd
FN:229,gatherDataFor
FNF:5
FNH:3
FNDA:9,(anonymous_0)
FNDA:4,(anonymous_1)
FNDA:3,getScoutMessage
FNDA:0,scoutNerd
FNDA:0,gatherDataFor
DA:1,1
DA:2,1
DA:3,1
DA:4,1
DA:6,1
DA:11,1
DA:13,1
DA:14,9
DA:15,9
DA:17,9
DA:18,9
DA:19,1
DA:20,1
DA:22,9
DA:23,9
DA:24,0
DA:25,0
DA:27,9
DA:28,0
DA:29,0
DA:31,9
DA:32,0
DA:33,0
DA:35,9
DA:36,1
DA:37,1
DA:39,9
DA:40,9
DA:41,9
DA:42,9
DA:43,9
DA:44,1
DA:45,1
DA:46,1
DA:48,9
DA:49,1
DA:51,9
DA:52,3
DA:53,1
DA:54,1
DA:55,0
DA:56,0
DA:58,1
DA:59,1
DA:62,2
DA:64,3
DA:65,6
DA:66,2
DA:68,4
DA:69,4
DA:70,4
DA:71,4
DA:74,9
DA:75,9
DA:76,1
DA:77,1
DA:80,9
DA:82,9
DA:83,9
DA:85,9
DA:86,9
DA:87,9
DA:88,9
DA:89,9
DA:90,9
DA:93,1
DA:94,4
DA:95,24
DA:96,4
DA:99,0
DA:101,1
DA:104,3
DA:105,3
DA:106,1
DA:108,3
DA:109,3
DA:110,0
DA:112,3
DA:113,3
DA:114,3
DA:115,0
DA:117,3
DA:118,3
DA:119,33
DA:120,33
DA:122,3
DA:123,3
DA:124,25
DA:125,25
DA:127,25
DA:128,2
DA:129,2
DA:131,23
DA:133,3
DA:135,1
DA:138,0
DA:139,0
DA:140,0
DA:142,0
DA:143,0
DA:144,0
DA:145,0
DA:146,0
DA:147,0
DA:148,0
DA:154,0
DA:155,0
DA:156,0
DA:157,0
DA:158,0
DA:159,0
DA:161,0
DA:162,0
DA:163,0
DA:164,0
DA:165,0
DA:166,0
DA:167,0
DA:168,0
DA:169,0
DA:170,0
DA:171,0
DA:172,0
DA:178,0
DA:179,0
DA:180,0
DA:188,0
DA:189,0
DA:195,0
DA:196,0
DA:197,0
DA:198,0
DA:199,0
DA:201,0
DA:202,0
DA:203,0
DA:204,0
DA:205,0
DA:206,0
DA:207,0
DA:208,0
DA:209,0
DA:210,0
DA:211,0
DA:212,0
DA:213,0
DA:216,0
DA:217,0
DA:218,0
DA:227,1
DA:230,0
DA:231,0
DA:232,0
DA:233,0
DA:234,0
DA:236,0
DA:237,0
DA:239,0
DA:240,0
DA:241,0
DA:244,0
LF:161
LH:85
BRDA:18,0,0,1
BRDA:18,0,1,8
BRDA:18,1,0,9
BRDA:18,1,1,1
BRDA:23,2,0,0
BRDA:23,2,1,9
BRDA:23,3,0,9
BRDA:23,3,1,1
BRDA:27,4,0,0
BRDA:27,4,1,9
BRDA:31,5,0,0
BRDA:31,5,1,9
BRDA:35,6,0,1
BRDA:35,6,1,8
BRDA:35,7,0,9
BRDA:35,7,1,2
BRDA:43,8,0,1
BRDA:43,8,1,8
BRDA:48,9,0,1
BRDA:48,9,1,8
BRDA:51,10,0,3
BRDA:51,10,1,6
BRDA:51,11,0,9
BRDA:51,11,1,6
BRDA:51,11,2,1
BRDA:52,12,0,1
BRDA:52,12,1,2
BRDA:54,13,0,0
BRDA:54,13,1,1
BRDA:54,14,0,1
BRDA:54,14,1,0
BRDA:65,15,0,2
BRDA:65,15,1,4
BRDA:75,16,0,1
BRDA:75,16,1,8
BRDA:75,17,0,9
BRDA:75,17,1,2
BRDA:95,18,0,4
BRDA:95,18,1,20
BRDA:105,19,0,1
BRDA:105,19,1,2
BRDA:109,20,0,0
BRDA:109,20,1,3
BRDA:114,21,0,0
BRDA:114,21,1,3
BRDA:127,22,0,2
BRDA:127,22,1,23
BRDA:139,23,0,0
BRDA:139,23,1,0
BRDA:158,24,0,0
BRDA:158,24,1,0
BRDA:168,25,0,0
BRDA:168,25,1,0
BRDA:198,26,0,0
BRDA:198,26,1,0
BRDA:208,27,0,0
BRDA:208,27,1,0
BRDA:233,28,0,0
BRDA:233,28,1,0
BRDA:236,29,0,0
BRDA:236,29,1,0
BRDA:240,30,0,0
BRDA:240,30,1,0
BRF:63
BRH:40
end_of_record
TN:
SF:libs/kill.js
FN:6,kill
FN:23,(anonymous_1)
FN:25,(anonymous_2)
FN:45,clearNursingPregnant
FNF:4
FNH:3
FNDA:4,kill
FNDA:0,(anonymous_1)
FNDA:4,(anonymous_2)
FNDA:2,clearNursingPregnant
DA:1,8
DA:2,8
DA:3,8
DA:7,4
DA:8,4
DA:9,4
DA:10,4
DA:11,4
DA:12,0
DA:14,4
DA:15,4
DA:16,4
DA:17,1
DA:18,1
DA:19,1
DA:20,0
DA:22,1
DA:23,0
DA:25,4
DA:26,1
DA:27,1
DA:28,3
DA:29,2
DA:30,2
DA:31,2
DA:32,2
DA:33,2
DA:34,2
DA:35,2
DA:37,1
DA:38,1
DA:40,3
DA:41,3
DA:43,8
DA:46,2
DA:47,10
DA:48,10
DA:49,0
DA:50,0
DA:51,0
DA:52,0
DA:53,0
DA:56,10
DA:57,0
DA:58,0
LF:45
LH:35
BRDA:11,0,0,0
BRDA:11,0,1,4
BRDA:11,1,0,4
BRDA:11,1,1,4
BRDA:14,2,0,2
BRDA:14,2,1,2
BRDA:16,3,0,1
BRDA:16,3,1,3
BRDA:19,4,0,0
BRDA:19,4,1,1
BRDA:22,5,0,0
BRDA:22,5,1,1
BRDA:28,6,0,2
BRDA:28,6,1,1
BRDA:48,7,0,0
BRDA:48,7,1,10
BRDA:48,8,0,10
BRDA:48,8,1,2
BRDA:52,9,0,0
BRDA:52,9,1,0
BRDA:56,10,0,0
BRDA:56,10,1,10
BRDA:56,11,0,10
BRDA:56,11,1,0
BRF:24
BRH:16
end_of_record
TN:
SF:libs/migrateLib.js
FN:8,migrate
FNF:1
FNH:1
FNDA:9,migrate
DA:1,1
DA:2,1
DA:3,1
DA:4,1
DA:5,1
DA:9,9
DA:10,9
DA:11,9
DA:12,9
DA:13,1
DA:14,1
DA:16,8
DA:17,1
DA:18,1
DA:20,7
DA:21,1
DA:22,1
DA:24,6
DA:25,1
DA:26,1
DA:28,5
DA:29,1
DA:30,1
DA:32,4
DA:33,1
DA:34,1
DA:36,3
DA:37,0
DA:38,0
DA:40,3
DA:41,0
DA:42,0
DA:45,3
DA:47,3
DA:49,3
DA:50,3
DA:52,2
DA:53,6
DA:54,6
DA:55,4
DA:56,4
DA:57,4
DA:58,7
DA:59,3
DA:60,3
DA:61,4
DA:62,3
DA:63,3
DA:65,1
DA:66,1
DA:71,2
DA:72,3
DA:75,3
DA:76,2
DA:77,1
DA:79,1
DA:83,2
DA:84,1
DA:86,1
DA:87,1
DA:88,1
DA:89,1
DA:91,1
DA:92,1
DA:93,1
DA:94,1
DA:97,2
DA:98,2
DA:99,2
DA:100,2
DA:102,1
DA:103,5
DA:104,5
DA:105,3
DA:106,3
DA:107,3
DA:108,0
DA:112,1
DA:113,2
DA:115,2
DA:116,1
DA:117,0
DA:121,1
DA:122,1
DA:123,1
DA:125,1
DA:127,1
LF:87
LH:81
BRDA:12,0,0,1
BRDA:12,0,1,8
BRDA:16,1,0,1
BRDA:16,1,1,7
BRDA:16,2,0,8
BRDA:16,2,1,5
BRDA:20,3,0,1
BRDA:20,3,1,6
BRDA:24,4,0,1
BRDA:24,4,1,5
BRDA:24,5,0,6
BRDA:24,5,1,5
BRDA:28,6,0,1
BRDA:28,6,1,4
BRDA:32,7,0,1
BRDA:32,7,1,3
BRDA:36,8,0,0
BRDA:36,8,1,3
BRDA:40,9,0,0
BRDA:40,9,1,3
BRDA:50,10,0,2
BRDA:50,10,1,1
BRDA:54,11,0,4
BRDA:54,11,1,2
BRDA:54,12,0,6
BRDA:54,12,1,4
BRDA:58,13,0,3
BRDA:58,13,1,4
BRDA:61,14,0,3
BRDA:61,14,1,1
BRDA:75,15,0,2
BRDA:75,15,1,1
BRDA:76,16,0,1
BRDA:76,16,1,1
BRDA:83,17,0,1
BRDA:83,17,1,1
BRDA:83,18,0,2
BRDA:83,18,1,1
BRDA:104,19,0,3
BRDA:104,19,1,2
BRDA:104,20,0,5
BRDA:104,20,1,3
BRDA:107,21,0,0
BRDA:107,21,1,3
BRDA:115,22,0,1
BRDA:115,22,1,1
BRDA:116,23,0,0
BRDA:116,23,1,1
BRF:48
BRH:44
end_of_record
TN:
SF:libs/population.js
FN:5,memberByName
FN:68,deadOrBanishedByName
FN:85,memberByNameFromDictionary
FN:135,decrementSickness
FN:160,history
FN:173,showHistory
FN:200,addToPopulation
FN:248,vote
FN:295,countByType
FN:305,getAllNamesByGender
FN:317,randomMemberName
FN:324,graveyard
FNF:12
FNH:6
FNDA:178,memberByName
FNDA:0,deadOrBanishedByName
FNDA:0,memberByNameFromDictionary
FNDA:0,decrementSickness
FNDA:23,history
FNDA:1,showHistory
FNDA:2,addToPopulation
FNDA:0,vote
FNDA:0,countByType
FNDA:3,getAllNamesByGender
FNDA:6,randomMemberName
FNDA:0,graveyard
DA:1,11
DA:2,11
DA:3,11
DA:6,178
DA:7,0
DA:8,0
DA:10,178
DA:11,0
DA:12,0
DA:14,178
DA:15,178
DA:16,7
DA:17,7
DA:19,178
DA:20,0
DA:21,0
DA:23,178
DA:24,178
DA:25,178
DA:26,167
DA:27,11
DA:28,3
DA:30,8
DA:31,8
DA:32,33
DA:33,0
DA:34,0
DA:36,33
DA:37,3
DA:41,2
DA:42,2
DA:44,1
DA:45,0
DA:46,0
DA:51,178
DA:53,172
DA:54,691
DA:55,691
DA:57,8
DA:61,172
DA:63,6
DA:64,6
DA:66,11
DA:69,0
DA:70,0
DA:71,0
DA:72,0
DA:73,0
DA:76,0
DA:77,0
DA:79,0
DA:80,0
DA:82,11
DA:86,0
DA:87,0
DA:88,0
DA:90,0
DA:91,0
DA:92,0
DA:94,0
DA:95,0
DA:96,0
DA:97,0
DA:99,0
DA:100,0
DA:101,0
DA:102,0
DA:103,0
DA:104,0
DA:106,0
DA:107,0
DA:108,0
DA:109,0
DA:110,0
DA:112,0
DA:113,0
DA:117,0
DA:118,0
DA:120,0
DA:121,0
DA:122,0
DA:127,0
DA:128,0
DA:130,0
DA:131,0
DA:136,0
DA:137,0
DA:138,0
DA:139,0
DA:140,0
DA:142,0
DA:143,0
DA:144,0
DA:146,0
DA:147,0
DA:148,0
DA:149,0
DA:151,0
DA:152,0
DA:153,0
DA:154,0
DA:158,11
DA:161,23
DA:162,23
DA:163,21
DA:165,23
DA:166,0
DA:167,0
DA:169,23
DA:171,11
DA:174,1
DA:175,1
DA:176,0
DA:177,0
DA:178,0
DA:179,0
DA:181,0
DA:182,0
DA:185,1
DA:186,1
DA:187,0
DA:188,0
DA:189,0
DA:191,1
DA:192,1
DA:194,1
DA:196,11
DA:201,2
DA:202,2
DA:203,2
DA:204,0
DA:207,2
DA:208,0
DA:209,0
DA:211,2
DA:212,2
DA:213,2
DA:214,2
DA:215,2
DA:216,2
DA:217,2
DA:218,2
DA:219,2
DA:220,2
DA:221,2
DA:222,2
DA:223,2
DA:224,2
DA:225,2
DA:226,0
DA:227,0
DA:228,2
DA:229,0
DA:230,0
DA:232,2
DA:233,2
DA:234,2
DA:235,2
DA:236,0
DA:238,2
DA:239,1
DA:240,1
DA:242,2
DA:243,2
DA:244,2
DA:246,11
DA:249,0
DA:250,0
DA:252,0
DA:254,0
DA:255,0
DA:256,0
DA:258,0
DA:259,0
DA:261,0
DA:263,0
DA:264,0
DA:265,0
DA:266,0
DA:267,0
DA:268,0
DA:269,0
DA:270,0
DA:273,0
DA:274,0
DA:276,0
DA:278,0
DA:279,0
DA:280,0
DA:281,0
DA:284,0
DA:285,0
DA:286,0
DA:288,0
DA:290,0
DA:292,11
DA:296,0
DA:297,0
DA:298,0
DA:299,0
DA:301,0
DA:303,11
DA:306,3
DA:307,3
DA:308,12
DA:309,12
DA:310,5
DA:313,3
DA:315,11
DA:318,6
DA:319,6
DA:320,6
DA:322,11
DA:326,0
DA:327,0
DA:328,0
DA:330,0
DA:332,0
DA:333,0
DA:334,0
DA:335,0
DA:336,0
DA:337,0
DA:339,0
DA:341,0
DA:343,0
DA:345,0
DA:348,0
DA:349,0
DA:351,11
LF:230
LH:94
BRDA:6,0,0,0
BRDA:6,0,1,178
BRDA:10,1,0,0
BRDA:10,1,1,178
BRDA:15,2,0,7
BRDA:15,2,1,171
BRDA:19,3,0,0
BRDA:19,3,1,178
BRDA:19,4,0,178
BRDA:19,4,1,178
BRDA:25,5,0,167
BRDA:25,5,1,11
BRDA:27,6,0,3
BRDA:27,6,1,8
BRDA:32,7,0,0
BRDA:32,7,1,33
BRDA:36,8,0,3
BRDA:36,8,1,30
BRDA:36,9,0,33
BRDA:36,9,1,33
BRDA:37,10,0,2
BRDA:37,10,1,1
BRDA:37,11,0,3
BRDA:37,11,1,2
BRDA:37,11,2,1
BRDA:44,12,0,0
BRDA:44,12,1,1
BRDA:51,13,0,172
BRDA:51,13,1,6
BRDA:54,14,0,691
BRDA:54,14,1,0
BRDA:55,15,0,8
BRDA:55,15,1,683
BRDA:55,16,0,691
BRDA:55,16,1,622
BRDA:55,16,2,95
BRDA:70,17,0,0
BRDA:70,17,1,0
BRDA:72,18,0,0
BRDA:72,18,1,0
BRDA:76,19,0,0
BRDA:76,19,1,0
BRDA:86,20,0,0
BRDA:86,20,1,0
BRDA:90,21,0,0
BRDA:90,21,1,0
BRDA:95,22,0,0
BRDA:95,22,1,0
BRDA:101,23,0,0
BRDA:101,23,1,0
BRDA:103,24,0,0
BRDA:103,24,1,0
BRDA:108,25,0,0
BRDA:108,25,1,0
BRDA:112,26,0,0
BRDA:112,26,1,0
BRDA:112,27,0,0
BRDA:112,27,1,0
BRDA:113,28,0,0
BRDA:113,28,1,0
BRDA:113,29,0,0
BRDA:113,29,1,0
BRDA:113,29,2,0
BRDA:120,30,0,0
BRDA:120,30,1,0
BRDA:127,31,0,0
BRDA:127,31,1,0
BRDA:138,32,0,0
BRDA:138,32,1,0
BRDA:138,33,0,0
BRDA:138,33,1,0
BRDA:142,34,0,0
BRDA:142,34,1,0
BRDA:142,35,0,0
BRDA:142,35,1,0
BRDA:146,36,0,0
BRDA:146,36,1,0
BRDA:151,37,0,0
BRDA:151,37,1,0
BRDA:162,38,0,21
BRDA:162,38,1,2
BRDA:162,39,0,23
BRDA:162,39,1,23
BRDA:165,40,0,0
BRDA:165,40,1,23
BRDA:175,41,0,0
BRDA:175,41,1,1
BRDA:178,42,0,0
BRDA:178,42,1,0
BRDA:186,43,0,0
BRDA:186,43,1,1
BRDA:203,44,0,0
BRDA:203,44,1,2
BRDA:207,45,0,0
BRDA:207,45,1,2
BRDA:212,46,0,0
BRDA:212,46,1,2
BRDA:213,47,0,2
BRDA:213,47,1,0
BRDA:225,48,0,0
BRDA:225,48,1,2
BRDA:228,49,0,0
BRDA:228,49,1,2
BRDA:235,50,0,0
BRDA:235,50,1,2
BRDA:238,51,0,1
BRDA:238,51,1,1
BRDA:254,52,0,0
BRDA:254,52,1,0
BRDA:258,53,0,0
BRDA:258,53,1,0
BRDA:269,54,0,0
BRDA:269,54,1,0
BRDA:276,55,0,0
BRDA:276,55,1,0
BRDA:280,56,0,0
BRDA:280,56,1,0
BRDA:299,57,0,0
BRDA:299,57,1,0
BRDA:299,58,0,0
BRDA:299,58,1,0
BRDA:309,59,0,5
BRDA:309,59,1,7
BRDA:327,60,0,0
BRDA:327,60,1,0
BRDA:334,61,0,0
BRDA:334,61,1,0
BRDA:336,62,0,0
BRDA:336,62,1,0
BRDA:336,63,0,0
BRDA:336,63,1,0
BRF:131
BRH:48
end_of_record
TN:
SF:libs/profession.js
FN:6,specialize
FNF:1
FNH:1
FNDA:1,specialize
DA:1,11
DA:2,11
DA:4,11
DA:8,1
DA:9,0
DA:10,0
DA:11,0
DA:14,1
DA:15,1
DA:16,0
DA:17,0
DA:20,1
DA:21,1
DA:22,1
DA:23,1
DA:24,1
DA:26,1
DA:27,1
DA:28,1
DA:31,1
DA:32,0
DA:33,0
DA:34,0
DA:35,0
DA:36,0
DA:37,0
DA:39,1
DA:40,0
DA:41,0
DA:42,0
DA:43,0
DA:44,0
DA:45,0
DA:48,1
DA:49,1
DA:51,1
DA:52,0
DA:54,1
DA:55,1
DA:57,11
LF:40
LH:22
BRDA:8,0,0,0
BRDA:8,0,1,1
BRDA:8,1,0,1
BRDA:8,1,1,1
BRDA:15,2,0,0
BRDA:15,2,1,1
BRDA:26,3,0,1
BRDA:26,3,1,0
BRDA:31,4,0,0
BRDA:31,4,1,1
BRDA:39,5,0,0
BRDA:39,5,1,1
BRDA:51,6,0,0
BRDA:51,6,1,1
BRF:14
BRH:8
end_of_record
TN:
SF:libs/reproduction.js
FN:9,eligibleMates
FN:46,matingObjections
FN:59,showMatingLists
FN:87,canStillInvite
FN:102,checkCompleteLists
FN:115,handleReproductionList
FN:197,invite
FN:224,intersect
FN:230,(anonymous_8)
FN:235,consentPrep
FN:270,consent
FN:286,decline
FN:314,pass
FN:325,clearReproduction
FN:335,sortCommitFirst
FN:346,globalMatingCheck
FN:359,(anonymous_16)
FN:510,makeLove
FN:548,detection
FN:573,getNextChildName
FN:602,addChild
FN:627,rememberInviteLists
FN:643,restoreSaveLists
FN:657,validateDrone
FN:724,addDrone
FN:754,startReproduction
FN:784,checkMating
FNF:27
FNH:17
FNDA:2,eligibleMates
FNDA:29,matingObjections
FNDA:2,showMatingLists
FNDA:1,canStillInvite
FNDA:0,checkCompleteLists
FNDA:12,handleReproductionList
FNDA:0,invite
FNDA:3,intersect
FNDA:3,(anonymous_8)
FNDA:3,consentPrep
FNDA:3,consent
FNDA:1,decline
FNDA:0,pass
FNDA:0,clearReproduction
FNDA:0,sortCommitFirst
FNDA:7,globalMatingCheck
FNDA:9,(anonymous_16)
FNDA:3,makeLove
FNDA:3,detection
FNDA:2,getNextChildName
FNDA:1,addChild
FNDA:0,rememberInviteLists
FNDA:0,restoreSaveLists
FNDA:0,validateDrone
FNDA:0,addDrone
FNDA:0,startReproduction
FNDA:1,checkMating
DA:1,3
DA:2,3
DA:3,3
DA:4,3
DA:5,3
DA:6,3
DA:7,3
DA:10,2
DA:11,2
DA:12,2
DA:13,2
DA:14,2
DA:15,0
DA:17,2
DA:18,8
DA:19,8
DA:20,8
DA:21,0
DA:22,0
DA:24,8
DA:25,3
DA:26,3
DA:28,5
DA:29,1
DA:30,1
DA:32,4
DA:33,4
DA:35,2
DA:36,2
DA:37,2
DA:39,0
DA:41,2
DA:42,2
DA:44,3
DA:47,29
DA:48,29
DA:52,29
DA:53,4
DA:55,29
DA:57,3
DA:60,2
DA:61,2
DA:62,2
DA:63,0
DA:65,2
DA:66,1
DA:68,1
DA:69,1
DA:71,2
DA:72,2
DA:74,0
DA:75,0
DA:77,2
DA:78,0
DA:80,2
DA:81,2
DA:83,2
DA:85,3
DA:88,1
DA:89,1
DA:90,1
DA:91,4
DA:92,4
DA:95,1
DA:98,1
DA:100,3
DA:116,12
DA:117,12
DA:118,12
DA:119,0
DA:121,0
DA:122,0
DA:124,12
DA:125,12
DA:126,12
DA:127,12
DA:128,12
DA:129,34
DA:130,34
DA:131,34
DA:132,34
DA:133,34
DA:134,6
DA:135,5
DA:136,1
DA:138,5
DA:139,5
DA:141,1
DA:143,28
DA:144,2
DA:145,2
DA:146,2
DA:147,26
DA:148,3
DA:149,3
DA:150,3
DA:152,0
DA:154,23
DA:155,2
DA:156,0
DA:158,2
DA:161,21
DA:162,21
DA:163,20
DA:165,1
DA:167,21
DA:168,2
DA:170,19
DA:174,12
DA:175,12
DA:176,3
DA:177,3
DA:178,4
DA:180,3
DA:182,9
DA:183,9
DA:184,9
DA:185,5
DA:186,0
DA:188,5
DA:192,12
DA:194,3
DA:198,0
DA:199,0
DA:200,0
DA:201,0
DA:202,0
DA:203,0
DA:205,0
DA:206,0
DA:207,0
DA:208,0
DA:210,0
DA:211,0
DA:212,0
DA:213,0
DA:214,0
DA:215,0
DA:220,0
DA:222,3
DA:226,3
DA:227,2
DA:229,1
DA:230,1
DA:231,3
DA:236,3
DA:238,3
DA:239,0
DA:240,0
DA:241,0
DA:242,0
DA:244,0
DA:245,0
DA:248,3
DA:249,3
DA:250,1
DA:251,1
DA:253,3
DA:254,5
DA:256,3
DA:257,0
DA:258,0
DA:260,3
DA:261,1
DA:263,3
DA:264,3
DA:265,3
DA:266,3
DA:268,3
DA:271,3
DA:272,3
DA:273,3
DA:274,3
DA:275,1
DA:277,3
DA:278,1
DA:280,2
DA:282,3
DA:284,3
DA:287,1
DA:288,1
DA:289,0
DA:290,0
DA:291,1
DA:292,1
DA:293,1
DA:294,0
DA:296,1
DA:297,1
DA:298,1
DA:299,1
DA:301,0
DA:302,0
DA:303,0
DA:306,0
DA:308,0
DA:310,1
DA:312,3
DA:315,0
DA:316,0
DA:317,0
DA:318,0
DA:319,0
DA:320,0
DA:321,0
DA:323,3
DA:326,0
DA:327,0
DA:328,0
DA:329,0
DA:333,3
DA:336,0
DA:337,0
DA:339,0
DA:340,0
DA:342,0
DA:347,7
DA:348,7
DA:349,7
DA:350,7
DA:351,4
DA:353,3
DA:354,0
DA:356,3
DA:357,3
DA:358,3
DA:359,9
DA:360,3
DA:361,3
DA:362,3
DA:363,3
DA:364,3
DA:365,10
DA:366,10
DA:367,10
DA:368,10
DA:369,10
DA:370,0
DA:371,0
DA:372,10
DA:373,4
DA:374,4
DA:375,4
DA:376,6
DA:377,0
DA:378,0
DA:379,6
DA:380,0
DA:381,0
DA:382,0
DA:383,0
DA:384,0
DA:385,6
DA:386,0
DA:387,0
DA:388,0
DA:389,0
DA:390,0
DA:391,6
DA:392,0
DA:393,0
DA:394,0
DA:395,0
DA:396,0
DA:397,6
DA:399,6
DA:400,6
DA:401,6
DA:402,2
DA:403,2
DA:404,2
DA:405,2
DA:407,4
DA:408,0
DA:409,0
DA:411,4
DA:412,4
DA:413,4
DA:414,0
DA:415,0
DA:417,4
DA:418,4
DA:421,1
DA:422,1
DA:423,1
DA:424,1
DA:425,1
DA:426,3
DA:427,0
DA:428,0
DA:429,0
DA:430,0
DA:431,0
DA:432,3
DA:433,0
DA:434,0
DA:435,0
DA:436,0
DA:437,0
DA:438,3
DA:441,3
DA:442,3
DA:443,3
DA:444,3
DA:445,3
DA:446,3
DA:447,3
DA:450,0
DA:451,0
DA:452,0
DA:453,0
DA:454,0
DA:455,0
DA:457,1
DA:459,1
DA:460,0
DA:461,0
DA:463,1
DA:464,1
DA:469,0
DA:470,0
DA:474,3
DA:475,0
DA:476,0
DA:479,3
DA:480,2
DA:481,2
DA:482,2
DA:483,8
DA:484,8
DA:485,8
DA:486,1
DA:487,1
DA:488,1
DA:489,1
DA:490,1
DA:491,1
DA:493,8
DA:495,2
DA:496,1
DA:498,2
DA:499,2
DA:500,2
DA:502,1
DA:505,3
DA:507,3
DA:511,3
DA:512,3
DA:513,3
DA:514,3
DA:515,3
DA:516,3
DA:517,1
DA:518,1
DA:520,3
DA:521,3
DA:522,3
DA:523,3
DA:524,3
DA:525,0
DA:527,3
DA:528,3
DA:529,3
DA:530,3
DA:531,1
DA:532,0
DA:534,1
DA:537,3
DA:538,3
DA:539,3
DA:540,3
DA:541,3
DA:542,3
DA:543,3
DA:544,3
DA:546,3
DA:549,3
DA:550,3
DA:551,3
DA:552,3
DA:553,2
DA:554,2
DA:557,1
DA:558,1
DA:560,1
DA:561,1
DA:563,1
DA:564,1
DA:565,0
DA:567,0
DA:568,0
DA:570,1
DA:574,2
DA:575,2
DA:576,0
DA:577,0
DA:579,2
DA:580,2
DA:581,1
DA:582,1
DA:584,1
DA:585,1
DA:586,1
DA:587,1
DA:588,1
DA:590,1
DA:591,0
DA:592,0
DA:594,1
DA:595,0
DA:596,0
DA:598,1
DA:600,3
DA:603,1
DA:604,1
DA:605,1
DA:606,1
DA:607,1
DA:608,1
DA:609,1
DA:610,1
DA:611,1
DA:612,1
DA:613,1
DA:614,1
DA:615,1
DA:616,0
DA:617,0
DA:618,0
DA:619,0
DA:622,1
DA:623,1
DA:625,3
DA:628,0
DA:629,0
DA:630,0
DA:631,0
DA:632,0
DA:633,0
DA:634,0
DA:635,0
DA:636,0
DA:641,3
DA:644,0
DA:645,0
DA:646,0
DA:647,0
DA:648,0
DA:649,0
DA:650,0
DA:651,0
DA:655,3
DA:658,0
DA:660,0
DA:661,0
DA:662,0
DA:663,0
DA:666,0
DA:667,0
DA:668,0
DA:670,0
DA:671,0
DA:672,0
DA:674,0
DA:675,0
DA:676,0
DA:677,0
DA:678,0
DA:680,0
DA:683,0
DA:684,0
DA:687,0
DA:688,0
DA:693,0
DA:694,0
DA:696,0
DA:697,0
DA:699,0
DA:700,0
DA:702,0
DA:703,0
DA:706,0
DA:707,0
DA:708,0
DA:710,0
DA:711,0
DA:713,0
DA:714,0
DA:716,0
DA:717,0
DA:718,0
DA:720,0
DA:722,3
DA:726,0
DA:749,0
DA:750,0
DA:752,3
DA:756,0
DA:757,0
DA:758,0
DA:759,0
DA:760,0
DA:761,0
DA:762,0
DA:763,0
DA:764,0
DA:765,0
DA:767,0
DA:768,0
DA:769,0
DA:771,0
DA:772,0
DA:773,0
DA:774,0
DA:775,0
DA:777,0
DA:778,0
DA:779,0
DA:780,0
DA:782,3
DA:785,1
DA:786,0
DA:788,1
DA:789,1
DA:790,1
DA:791,1
DA:793,1
DA:795,3
LF:528
LH:321
BRDA:9,0,0,0
BRDA:14,1,0,0
BRDA:14,1,1,2
BRDA:18,2,0,0
BRDA:18,2,1,8
BRDA:20,3,0,0
BRDA:20,3,1,8
BRDA:24,4,0,3
BRDA:24,4,1,5
BRDA:25,5,0,0
BRDA:25,5,1,3
BRDA:28,6,0,1
BRDA:28,6,1,4
BRDA:29,7,0,0
BRDA:29,7,1,1
BRDA:32,8,0,0
BRDA:32,8,1,4
BRDA:35,9,0,0
BRDA:35,9,1,2
BRDA:36,10,0,2
BRDA:36,10,1,0
BRDA:41,11,0,0
BRDA:41,11,1,2
BRDA:48,12,0,3
BRDA:48,12,1,26
BRDA:52,13,0,4
BRDA:52,13,1,25
BRDA:62,14,0,0
BRDA:62,14,1,2
BRDA:65,15,0,1
BRDA:65,15,1,1
BRDA:65,16,0,2
BRDA:65,16,1,1
BRDA:65,16,2,1
BRDA:71,17,0,2
BRDA:71,17,1,0
BRDA:71,18,0,2
BRDA:71,18,1,2
BRDA:71,18,2,2
BRDA:77,19,0,0
BRDA:77,19,1,2
BRDA:77,20,0,2
BRDA:77,20,1,0
BRDA:77,20,2,0
BRDA:92,21,0,3
BRDA:92,21,1,1
BRDA:118,22,0,0
BRDA:118,22,1,12
BRDA:118,23,0,12
BRDA:118,23,1,12
BRDA:133,24,0,6
BRDA:133,24,1,28
BRDA:134,25,0,5
BRDA:134,25,1,1
BRDA:135,26,0,1
BRDA:135,26,1,4
BRDA:143,27,0,2
BRDA:143,27,1,26
BRDA:147,28,0,3
BRDA:147,28,1,23
BRDA:148,29,0,3
BRDA:148,29,1,0
BRDA:154,30,0,2
BRDA:154,30,1,21
BRDA:155,31,0,0
BRDA:155,31,1,2
BRDA:162,32,0,20
BRDA:162,32,1,1
BRDA:167,33,0,2
BRDA:167,33,1,19
BRDA:175,34,0,3
BRDA:175,34,1,9
BRDA:184,35,0,5
BRDA:184,35,1,4
BRDA:185,36,0,0
BRDA:185,36,1,5
BRDA:202,37,0,0
BRDA:202,37,1,0
BRDA:205,38,0,0
BRDA:205,38,1,0
BRDA:214,39,0,0
BRDA:214,39,1,0
BRDA:226,40,0,2
BRDA:226,40,1,1
BRDA:226,41,0,3
BRDA:226,41,1,1
BRDA:229,42,0,0
BRDA:229,42,1,1
BRDA:238,43,0,0
BRDA:238,43,1,3
BRDA:240,44,0,0
BRDA:240,44,1,0
BRDA:240,45,0,0
BRDA:240,45,1,0
BRDA:249,46,0,1
BRDA:249,46,1,2
BRDA:256,47,0,0
BRDA:256,47,1,3
BRDA:260,48,0,1
BRDA:260,48,1,2
BRDA:260,49,0,3
BRDA:260,49,1,1
BRDA:260,49,2,1
BRDA:274,50,0,1
BRDA:274,50,1,2
BRDA:274,51,0,3
BRDA:274,51,1,3
BRDA:277,52,0,1
BRDA:277,52,1,2
BRDA:288,53,0,0
BRDA:288,53,1,1
BRDA:291,54,0,1
BRDA:291,54,1,0
BRDA:293,55,0,0
BRDA:293,55,1,1
BRDA:303,56,0,0
BRDA:303,56,1,0
BRDA:303,57,0,0
BRDA:303,57,1,0
BRDA:303,57,2,0
BRDA:303,57,3,0
BRDA:303,57,4,0
BRDA:303,57,5,0
BRDA:336,58,0,0
BRDA:336,58,1,0
BRDA:336,59,0,0
BRDA:336,59,1,0
BRDA:339,60,0,0
BRDA:339,60,1,0
BRDA:339,61,0,0
BRDA:339,61,1,0
BRDA:350,62,0,4
BRDA:350,62,1,3
BRDA:353,63,0,0
BRDA:353,63,1,3
BRDA:369,64,0,0
BRDA:369,64,1,10
BRDA:372,65,0,4
BRDA:372,65,1,6
BRDA:376,66,0,0
BRDA:376,66,1,6
BRDA:379,67,0,0
BRDA:379,67,1,6
BRDA:385,68,0,0
BRDA:385,68,1,6
BRDA:385,69,0,6
BRDA:385,69,1,0
BRDA:391,70,0,0
BRDA:391,70,1,6
BRDA:391,71,0,6
BRDA:391,71,1,0
BRDA:397,72,0,6
BRDA:397,72,1,0
BRDA:397,73,0,6
BRDA:397,73,1,6
BRDA:401,74,0,2
BRDA:401,74,1,4
BRDA:407,75,0,0
BRDA:407,75,1,4
BRDA:413,76,0,0
BRDA:413,76,1,4
BRDA:418,77,0,1
BRDA:418,77,1,3
BRDA:418,78,0,4
BRDA:418,78,1,1
BRDA:418,78,2,0
BRDA:418,78,3,0
BRDA:426,79,0,0
BRDA:426,79,1,3
BRDA:432,80,0,0
BRDA:432,80,1,3
BRDA:432,81,0,3
BRDA:432,81,1,3
BRDA:438,82,0,3
BRDA:438,82,1,0
BRDA:438,83,0,3
BRDA:438,83,1,3
BRDA:438,83,2,1
BRDA:438,83,3,0
BRDA:457,84,0,1
BRDA:457,84,1,0
BRDA:459,85,0,0
BRDA:459,85,1,1
BRDA:474,86,0,0
BRDA:474,86,1,3
BRDA:474,87,0,3
BRDA:474,87,1,3
BRDA:479,88,0,2
BRDA:479,88,1,1
BRDA:485,89,0,1
BRDA:485,89,1,7
BRDA:495,90,0,1
BRDA:495,90,1,1
BRDA:510,91,0,3
BRDA:516,92,0,1
BRDA:516,92,1,2
BRDA:524,93,0,0
BRDA:524,93,1,3
BRDA:524,94,0,3
BRDA:524,94,1,0
BRDA:530,95,0,1
BRDA:530,95,1,2
BRDA:530,96,0,3
BRDA:530,96,1,3
BRDA:531,97,0,0
BRDA:531,97,1,1
BRDA:552,98,0,2
BRDA:552,98,1,1
BRDA:552,99,0,3
BRDA:552,99,1,3
BRDA:560,100,0,1
BRDA:560,100,1,0
BRDA:560,101,0,1
BRDA:560,101,1,0
BRDA:564,102,0,0
BRDA:564,102,1,1
BRDA:575,103,0,0
BRDA:575,103,1,2
BRDA:580,104,0,1
BRDA:580,104,1,1
BRDA:580,105,0,2
BRDA:580,105,1,1
BRDA:586,106,0,2
BRDA:586,106,1,2
BRDA:590,107,0,0
BRDA:590,107,1,1
BRDA:594,108,0,0
BRDA:594,108,1,1
BRDA:615,109,0,0
BRDA:615,109,1,1
BRDA:617,110,0,0
BRDA:617,110,1,0
BRDA:631,111,0,0
BRDA:631,111,1,0
BRDA:631,112,0,0
BRDA:631,112,1,0
BRDA:631,112,2,0
BRDA:635,113,0,0
BRDA:635,113,1,0
BRDA:647,114,0,0
BRDA:647,114,1,0
BRDA:647,115,0,0
BRDA:647,115,1,0
BRDA:661,116,0,0
BRDA:661,116,1,0
BRDA:661,117,0,0
BRDA:661,117,1,0
BRDA:666,118,0,0
BRDA:666,118,1,0
BRDA:670,119,0,0
BRDA:670,119,1,0
BRDA:680,120,0,0
BRDA:680,120,1,0
BRDA:680,121,0,0
BRDA:680,121,1,0
BRDA:680,121,2,0
BRDA:680,121,3,0
BRDA:680,121,4,0
BRDA:688,122,0,0
BRDA:688,122,1,0
BRDA:688,123,0,0
BRDA:688,123,1,0
BRDA:688,123,2,0
BRDA:688,123,3,0
BRDA:688,123,4,0
BRDA:688,123,5,0
BRDA:688,123,6,0
BRDA:696,124,0,0
BRDA:696,124,1,0
BRDA:699,125,0,0
BRDA:699,125,1,0
BRDA:702,126,0,0
BRDA:702,126,1,0
BRDA:706,127,0,0
BRDA:706,127,1,0
BRDA:706,128,0,0
BRDA:706,128,1,0
BRDA:711,129,0,0
BRDA:711,129,1,0
BRDA:711,130,0,0
BRDA:711,130,1,0
BRDA:711,130,2,0
BRDA:716,131,0,0
BRDA:716,131,1,0
BRDA:762,132,0,0
BRDA:762,132,1,0
BRDA:774,133,0,0
BRDA:774,133,1,0
BRDA:785,134,0,0
BRDA:785,134,1,1
BRDA:790,135,0,1
BRDA:790,135,1,0
BRF:292
BRH:151
end_of_record
TN:
SF:libs/textprocess.js
FN:2,removeSpecialChars
FN:11,addMessage
FN:24,capitalizeFirstLetter
FNF:3
FNH:3
FNDA:217,removeSpecialChars
FNDA:101,addMessage
FNDA:25,capitalizeFirstLetter
DA:3,217
DA:4,2
DA:5,2
DA:7,215
DA:9,13
DA:12,101
DA:13,57
DA:15,101
DA:16,101
DA:17,29
DA:19,72
DA:22,13
DA:25,25
DA:27,13
LF:14
LH:14
BRDA:3,0,0,2
BRDA:3,0,1,215
BRDA:3,1,0,217
BRDA:3,1,1,215
BRDA:3,2,0,215
BRDA:3,2,1,0
BRDA:12,3,0,57
BRDA:12,3,1,44
BRDA:16,4,0,29
BRDA:16,4,1,72
BRF:10
BRH:9
end_of_record
TN:
SF:libs/util.js
FN:7,getYear
FN:12,isColdSeason
FN:18,gameStateMessage
FN:56,countByType
FNF:4
FNH:1
FNDA:0,getYear
FNDA:1,isColdSeason
FNDA:0,gameStateMessage
FNDA:0,countByType
DA:2,1
DA:4,1
DA:5,1
DA:8,0
DA:10,1
DA:13,1
DA:15,1
DA:19,0
DA:20,0
DA:21,0
DA:22,0
DA:23,0
DA:24,0
DA:26,0
DA:27,0
DA:28,0
DA:29,0
DA:30,0
DA:33,0
DA:34,0
DA:37,0
DA:38,0
DA:39,0
DA:40,0
DA:41,0
DA:42,0
DA:43,0
DA:45,0
DA:49,0
DA:51,0
DA:53,1
DA:57,0
DA:58,0
DA:59,0
DA:60,0
DA:62,0
DA:64,1
LF:37
LH:8
BRDA:23,0,0,0
BRDA:23,0,1,0
BRDA:29,1,0,0
BRDA:29,1,1,0
BRDA:33,2,0,0
BRDA:33,2,1,0
BRDA:37,3,0,0
BRDA:37,3,1,0
BRDA:38,4,0,0
BRDA:38,4,1,0
BRDA:39,5,0,0
BRDA:39,5,1,0
BRDA:40,6,0,0
BRDA:40,6,1,0
BRDA:42,7,0,0
BRDA:42,7,1,0
BRDA:60,8,0,0
BRDA:60,8,1,0
BRDA:60,9,0,0
BRDA:60,9,1,0
BRF:20
BRH:0
end_of_record
TN:
SF:libs/violence.js
FN:6,(anonymous_0)
FN:17,getGameFactions
FN:50,moreFactionViolenceRequired
FN:78,getFactionBaseScore
FN:110,factionHasCrafter
FN:119,(anonymous_5)
FN:187,displayFaction
FN:202,(anonymous_7)
FN:218,(anonymous_8)
FN:262,(anonymous_9)
FNF:10
FNH:10
FNDA:1,(anonymous_0)
FNDA:6,getGameFactions
FNDA:2,moreFactionViolenceRequired
FNDA:23,getFactionBaseScore
FNDA:20,factionHasCrafter
FNDA:5,(anonymous_5)
FNDA:4,displayFaction
FNDA:16,(anonymous_7)
FNDA:6,(anonymous_8)
FNDA:4,(anonymous_9)
DA:1,1
DA:2,1
DA:3,1
DA:4,1
DA:6,1
DA:9,1
DA:11,1
DA:12,1
DA:13,1
DA:14,1
DA:18,6
DA:19,6
DA:20,6
DA:21,6
DA:22,6
DA:23,6
DA:24,32
DA:25,32
DA:26,5
DA:27,27
DA:28,5
DA:29,22
DA:30,12
DA:31,10
DA:32,9
DA:34,1
DA:35,1
DA:36,1
DA:39,6
DA:46,1
DA:51,2
DA:52,2
DA:53,2
DA:55,2
DA:56,10
DA:57,10
DA:58,6
DA:59,4
DA:60,2
DA:63,2
DA:64,0
DA:65,0
DA:66,2
DA:67,0
DA:68,0
DA:69,2
DA:70,0
DA:71,0
DA:73,2
DA:74,2
DA:79,23
DA:80,23
DA:81,31
DA:82,5
DA:84,26
DA:86,31
DA:87,1
DA:89,31
DA:90,1
DA:92,31
DA:93,2
DA:94,0
DA:96,2
DA:99,31
DA:100,1
DA:102,31
DA:103,1
DA:106,23
DA:108,1
DA:111,20
DA:112,26
DA:113,1
DA:116,19
DA:119,1
DA:120,5
DA:121,5
DA:122,5
DA:123,5
DA:124,5
DA:126,5
DA:127,0
DA:128,0
DA:129,0
DA:130,0
DA:131,0
DA:133,0
DA:135,5
DA:136,5
DA:137,5
DA:138,5
DA:139,5
DA:140,5
DA:141,5
DA:142,5
DA:143,5
DA:144,5
DA:145,5
DA:148,5
DA:149,2
DA:150,2
DA:151,10
DA:153,2
DA:154,2
DA:155,3
DA:156,1
DA:157,1
DA:158,5
DA:160,2
DA:162,1
DA:163,1
DA:164,1
DA:165,1
DA:166,1
DA:168,1
DA:169,0
DA:170,1
DA:171,0
DA:173,1
DA:174,1
DA:176,1
DA:177,1
DA:178,1
DA:179,5
DA:181,1
DA:183,5
DA:185,1
DA:188,4
DA:189,4
DA:190,4
DA:191,1
DA:192,3
DA:193,1
DA:195,2
DA:196,5
DA:198,2
DA:199,2
DA:200,2
DA:202,1
DA:203,16
DA:204,16
DA:205,16
DA:206,16
DA:207,16
DA:208,16
DA:209,16
DA:210,16
DA:211,16
DA:212,16
DA:213,16
DA:214,16
DA:217,1
DA:218,1
DA:219,6
DA:220,0
DA:221,0
DA:223,6
DA:224,0
DA:225,0
DA:227,6
DA:228,6
DA:229,6
DA:230,6
DA:232,4
DA:233,1
DA:235,3
DA:238,6
DA:239,3
DA:240,3
DA:242,3
DA:244,3
DA:245,1
DA:246,1
DA:248,3
DA:249,1
DA:250,1
DA:251,1
DA:253,3
DA:254,3
DA:255,1
DA:256,1
DA:258,3
DA:260,1
DA:262,1
DA:263,4
DA:264,4
DA:265,4
DA:266,4
DA:267,4
DA:268,4
DA:269,20
DA:270,20
DA:271,8
DA:272,12
DA:273,4
DA:274,8
DA:275,1
DA:278,4
DA:279,2
DA:280,2
DA:281,2
DA:283,2
DA:284,0
DA:285,0
DA:286,0
DA:287,0
DA:288,0
DA:289,0
DA:290,0
DA:291,0
DA:293,0
DA:295,2
DA:296,2
DA:297,4
DA:298,4
DA:299,4
DA:301,2
DA:304,2
DA:308,2
DA:309,2
DA:310,2
DA:311,2
DA:313,2
DA:314,2
DA:315,2
DA:316,2
DA:317,2
DA:320,2
DA:321,4
DA:322,4
DA:324,0
DA:326,4
DA:327,4
DA:329,4
DA:330,4
DA:332,2
DA:333,1
DA:335,1
DA:336,1
DA:337,1
DA:338,1
DA:342,2
DA:343,10
DA:344,10
DA:345,10
DA:347,2
DA:349,2
DA:350,2
DA:352,2
DA:355,1
LF:249
LH:220
BRDA:25,0,0,5
BRDA:25,0,1,27
BRDA:27,1,0,5
BRDA:27,1,1,22
BRDA:29,2,0,12
BRDA:29,2,1,10
BRDA:31,3,0,9
BRDA:31,3,1,1
BRDA:57,4,0,6
BRDA:57,4,1,4
BRDA:57,5,0,10
BRDA:57,5,1,6
BRDA:59,6,0,2
BRDA:59,6,1,2
BRDA:59,7,0,4
BRDA:59,7,1,3
BRDA:63,8,0,0
BRDA:63,8,1,2
BRDA:63,9,0,2
BRDA:63,9,1,0
BRDA:66,10,0,0
BRDA:66,10,1,2
BRDA:69,11,0,0
BRDA:69,11,1,2
BRDA:81,12,0,5
BRDA:81,12,1,26
BRDA:86,13,0,1
BRDA:86,13,1,30
BRDA:89,14,0,1
BRDA:89,14,1,30
BRDA:92,15,0,2
BRDA:92,15,1,29
BRDA:93,16,0,0
BRDA:93,16,1,2
BRDA:99,17,0,1
BRDA:99,17,1,30
BRDA:99,18,0,31
BRDA:99,18,1,1
BRDA:102,19,0,1
BRDA:102,19,1,30
BRDA:102,20,0,31
BRDA:102,20,1,1
BRDA:112,21,0,1
BRDA:112,21,1,25
BRDA:126,22,0,0
BRDA:126,22,1,5
BRDA:126,23,0,5
BRDA:126,23,1,5
BRDA:144,24,0,0
BRDA:144,24,1,5
BRDA:144,25,0,5
BRDA:144,25,1,0
BRDA:144,25,2,0
BRDA:144,25,3,0
BRDA:145,26,0,0
BRDA:145,26,1,5
BRDA:145,27,0,5
BRDA:145,27,1,5
BRDA:145,27,2,0
BRDA:145,27,3,0
BRDA:148,28,0,2
BRDA:148,28,1,3
BRDA:155,29,0,1
BRDA:155,29,1,2
BRDA:160,30,0,1
BRDA:160,30,1,1
BRDA:160,31,0,2
BRDA:160,31,1,2
BRDA:168,32,0,0
BRDA:168,32,1,1
BRDA:170,33,0,0
BRDA:170,33,1,1
BRDA:190,34,0,1
BRDA:190,34,1,3
BRDA:192,35,0,1
BRDA:192,35,1,2
BRDA:205,36,0,10
BRDA:205,36,1,6
BRDA:206,37,0,13
BRDA:206,37,1,3
BRDA:207,38,0,6
BRDA:207,38,1,10
BRDA:208,39,0,6
BRDA:208,39,1,10
BRDA:209,40,0,4
BRDA:209,40,1,12
BRDA:210,41,0,7
BRDA:210,41,1,9
BRDA:211,42,0,8
BRDA:211,42,1,8
BRDA:211,43,0,16
BRDA:211,43,1,13
BRDA:212,44,0,9
BRDA:212,44,1,7
BRDA:213,45,0,1
BRDA:213,45,1,15
BRDA:219,46,0,0
BRDA:219,46,1,6
BRDA:223,47,0,0
BRDA:223,47,1,6
BRDA:230,48,0,2
BRDA:230,48,1,4
BRDA:232,49,0,1
BRDA:232,49,1,3
BRDA:238,50,0,3
BRDA:238,50,1,3
BRDA:244,51,0,1
BRDA:244,51,1,2
BRDA:248,52,0,1
BRDA:248,52,1,2
BRDA:254,53,0,1
BRDA:254,53,1,2
BRDA:270,54,0,8
BRDA:270,54,1,12
BRDA:270,55,0,20
BRDA:270,55,1,11
BRDA:272,56,0,4
BRDA:272,56,1,8
BRDA:274,57,0,1
BRDA:274,57,1,7
BRDA:278,58,0,2
BRDA:278,58,1,2
BRDA:283,59,0,0
BRDA:283,59,1,2
BRDA:299,60,0,2
BRDA:299,60,1,2
BRDA:314,61,0,2
BRDA:314,61,1,0
BRDA:314,62,0,2
BRDA:314,62,1,2
BRDA:322,63,0,0
BRDA:322,63,1,4
BRDA:335,64,0,1
BRDA:335,64,1,0
BRDA:350,65,0,2
BRDA:350,65,1,0
BRF:136
BRH:114
end_of_record
